<?xml version="1.0" encoding="UTF-8"?>
<testng-results skipped="0" failed="0" ignored="0" total="6" passed="6">
  <reporter-output>
  </reporter-output>
  <suite name="Suite" duration-ms="80" started-at="2019-01-21T04:34:09Z" finished-at="2019-01-21T04:34:09Z">
    <groups>
    </groups>
    <test name="Test" duration-ms="80" started-at="2019-01-21T04:34:09Z" finished-at="2019-01-21T04:34:09Z">
      <class name="com.mycompany.Jabed.SeleniumTest">
        <test-method status="PASS" signature="BrowserAUtomation()[pri:0, instance:com.mycompany.Jabed.SeleniumTest@6cc4c815]" name="BrowserAUtomation" duration-ms="0" started-at="2019-01-21T04:34:09Z" finished-at="2019-01-21T04:34:09Z">
          <reporter-output>
          </reporter-output>
        </test-method> <!-- BrowserAUtomation -->
        <test-method status="PASS" signature="elementsUi()[pri:0, instance:com.mycompany.Jabed.SeleniumTest@6cc4c815]" name="elementsUi" duration-ms="0" started-at="2019-01-21T04:34:09Z" finished-at="2019-01-21T04:34:09Z">
          <reporter-output>
          </reporter-output>
        </test-method> <!-- elementsUi -->
      </class> <!-- com.mycompany.Jabed.SeleniumTest -->
      <class name="com.mycompany.Jabed.RESTAPITest">
        <test-method status="PASS" signature="deleteTwitter()[pri:0, instance:com.mycompany.Jabed.RESTAPITest@5dfcfece]" name="deleteTwitter" duration-ms="0" started-at="2019-01-21T04:34:09Z" finished-at="2019-01-21T04:34:09Z">
          <reporter-output>
          </reporter-output>
        </test-method> <!-- deleteTwitter -->
        <test-method status="PASS" signature="postJira()[pri:0, instance:com.mycompany.Jabed.RESTAPITest@5dfcfece]" name="postJira" duration-ms="0" started-at="2019-01-21T04:34:09Z" finished-at="2019-01-21T04:34:09Z">
          <reporter-output>
          </reporter-output>
        </test-method> <!-- postJira -->
      </class> <!-- com.mycompany.Jabed.RESTAPITest -->
      <class name="com.mycompany.Jabed.AppiumTest">
        <test-method status="PASS" signature="IOSApps()[pri:0, instance:com.mycompany.Jabed.AppiumTest@56f4468b]" name="IOSApps" duration-ms="0" started-at="2019-01-21T04:34:09Z" finished-at="2019-01-21T04:34:09Z">
          <reporter-output>
          </reporter-output>
        </test-method> <!-- IOSApps -->
        <test-method status="PASS" signature="NativeAPpAndroid()[pri:0, instance:com.mycompany.Jabed.AppiumTest@56f4468b]" name="NativeAPpAndroid" duration-ms="0" started-at="2019-01-21T04:34:09Z" finished-at="2019-01-21T04:34:09Z">
          <reporter-output>
          </reporter-output>
        </test-method> <!-- NativeAPpAndroid -->
      </class> <!-- com.mycompany.Jabed.AppiumTest -->
    </test> <!-- Test -->
  </suite> <!-- Suite -->
</testng-results>
