<?xml version="1.0" encoding="UTF-8"?>
<!-- Generated by org.testng.reporters.JUnitXMLReporter -->
<testsuite hostname="DESKTOP-5DIGRH6" ignored="0" name="Test" tests="6" failures="0" timestamp="21 Jan 2019 04:34:09 GMT" time="0.08" errors="0">
  <testcase name="deleteTwitter" time="0.0" classname="com.mycompany.Jabed.RESTAPITest"/>
  <testcase name="postJira" time="0.0" classname="com.mycompany.Jabed.RESTAPITest"/>
  <testcase name="IOSApps" time="0.0" classname="com.mycompany.Jabed.AppiumTest"/>
  <testcase name="NativeAPpAndroid" time="0.0" classname="com.mycompany.Jabed.AppiumTest"/>
  <testcase name="BrowserAUtomation" time="0.0" classname="com.mycompany.Jabed.SeleniumTest"/>
  <testcase name="elementsUi" time="0.0" classname="com.mycompany.Jabed.SeleniumTest"/>
</testsuite> <!-- Test -->
