<?xml version="1.0" encoding="UTF-8"?>
<!-- Generated by org.testng.reporters.JUnitXMLReporter -->
<testsuite hostname="DESKTOP-5DIGRH6" ignored="0" name="Test" tests="3" failures="1" timestamp="21 Jan 2019 16:23:36 GMT" time="0.075" errors="0">
  <testcase name="Question_1" time="0.012" classname="com.mycompany.Jabed.Driver"/>
  <testcase name="Question_2" time="0.016" classname="com.mycompany.Jabed.Driver">
    <failure type="java.lang.NoClassDefFoundError" message="com/google/common/base/Function">
      <![CDATA[java.lang.NoClassDefFoundError: com/google/common/base/Function
at com.mycompany.Jabed.WW.Verfication(WW.java:21)
at com.mycompany.Jabed.Driver.Question_2(Driver.java:28)
Caused by: java.lang.ClassNotFoundException: com.google.common.base.Function
at java.net.URLClassLoader.findClass(Unknown Source)
at java.lang.ClassLoader.loadClass(Unknown Source)
at sun.misc.Launcher$AppClassLoader.loadClass(Unknown Source)
at java.lang.ClassLoader.loadClass(Unknown Source)
... 27 more
... Removed 25 stack frames]]>
    </failure>
  </testcase> <!-- Question_2 -->
  <testcase name="Question_3" time="0.006" classname="com.mycompany.Jabed.Driver"/>
</testsuite> <!-- Test -->
