<?xml version="1.0" encoding="UTF-8"?>
<testng-results skipped="0" failed="0" ignored="0" total="1" passed="1">
  <reporter-output>
  </reporter-output>
  <suite name="Suite" duration-ms="15787" started-at="2019-01-21T17:39:16Z" finished-at="2019-01-21T17:39:32Z">
    <groups>
    </groups>
    <test name="Test" duration-ms="15787" started-at="2019-01-21T17:39:16Z" finished-at="2019-01-21T17:39:32Z">
      <class name="com.mycompany.Jabed.Driver">
        <test-method status="PASS" signature="Question_1()[pri:0, instance:com.mycompany.Jabed.Driver@38082d64]" name="Question_1" duration-ms="15763" started-at="2019-01-21T17:39:16Z" finished-at="2019-01-21T17:39:32Z">
          <reporter-output>
          </reporter-output>
        </test-method> <!-- Question_1 -->
      </class> <!-- com.mycompany.Jabed.Driver -->
    </test> <!-- Test -->
  </suite> <!-- Suite -->
</testng-results>
